[2024-10-04 15:52:34] [INFO    ] discord.client: logging in using static token
[2024-10-04 15:52:35] [INFO    ] discord.gateway: Shard ID None has connected to Gateway (Session ID: 7f3e7322e35e168a7196d3c3036fb5a5).
[2024-10-04 15:52:40] [INFO    ] discord.voice_state: Connecting to voice...
[2024-10-04 15:52:40] [INFO    ] discord.voice_state: Starting voice handshake... (connection attempt 1)
[2024-10-04 15:52:41] [INFO    ] discord.voice_state: Voice handshake complete. Endpoint found: russia469.discord.media
[2024-10-04 15:52:41] [INFO    ] discord.voice_state: Voice connection complete.
[download]   0.0% of    3.28MiB at  858.61KiB/s ETA 00:03Logged in as Kusic_3.0#0135 (ID: 912726242619453510)
------
[download]   0.1% of    3.28MiB at    1.13MiB/s ETA 00:02[download]   0.2% of    3.28MiB at    1.83MiB/s ETA 00:01[download]   0.4% of    3.28MiB at    3.01MiB/s ETA 00:01[download]   0.9% of    3.28MiB at    5.02MiB/s ETA 00:00[download]   1.9% of    3.28MiB at    5.44MiB/s ETA 00:00[download]   3.8% of    3.28MiB at    7.44MiB/s ETA 00:00[download]   7.6% of    3.28MiB at   10.61MiB/s ETA 00:00[download]  15.2% of    3.28MiB at   16.75MiB/s ETA 00:00[download]  30.5% of    3.28MiB at   22.69MiB/s ETA 00:00[download]  61.0% of    3.28MiB at   22.64MiB/s ETA 00:00[download] 100.0% of    3.28MiB at   23.32MiB/s ETA 00:00[download] 100% of    3.28MiB in 00:00:00 at 16.88MiB/s                                                         [2024-10-04 15:52:56] [WARNING ] discord.gateway: Shard ID None voice heartbeat blocked for more than 10 seconds
Loop thread traceback (most recent call last):
  File "/home/kusic-music-bot/app.py", line 143, in <module>
    bot.run(os.getenv('TOKEN'))
  File "/home/kusic-music-bot/venv/lib/python3.9/site-packages/discord/client.py", line 869, in run
    asyncio.run(runner())
  File "/usr/lib/python3.9/asyncio/runners.py", line 44, in run
    return loop.run_until_complete(main)
  File "/usr/lib/python3.9/asyncio/base_events.py", line 629, in run_until_complete
    self.run_forever()
  File "/usr/lib/python3.9/asyncio/base_events.py", line 596, in run_forever
    self._run_once()
  File "/usr/lib/python3.9/asyncio/base_events.py", line 1890, in _run_once
    handle._run()
  File "/usr/lib/python3.9/asyncio/events.py", line 80, in _run
    self._context.run(self._callback, *self._args)
  File "/home/kusic-music-bot/venv/lib/python3.9/site-packages/discord/client.py", line 449, in _run_event
    await coro(*args, **kwargs)
  File "/home/kusic-music-bot/venv/lib/python3.9/site-packages/discord/ext/commands/bot.py", line 1411, in on_message
    await self.process_commands(message)
  File "/home/kusic-music-bot/venv/lib/python3.9/site-packages/discord/ext/commands/bot.py", line 1408, in process_commands
    await self.invoke(ctx)  # type: ignore
  File "/home/kusic-music-bot/venv/lib/python3.9/site-packages/discord/ext/commands/bot.py", line 1366, in invoke
    await ctx.command.invoke(ctx)
  File "/home/kusic-music-bot/venv/lib/python3.9/site-packages/discord/ext/commands/core.py", line 1029, in invoke
    await injected(*ctx.args, **ctx.kwargs)  # type: ignore
  File "/home/kusic-music-bot/venv/lib/python3.9/site-packages/discord/ext/commands/core.py", line 235, in wrapped
    ret = await coro(*args, **kwargs)
  File "/home/kusic-music-bot/app.py", line 69, in play
    info = ydl.extract_info(url, download=True)
  File "/home/kusic-music-bot/venv/lib/python3.9/site-packages/yt_dlp/YoutubeDL.py", line 1615, in extract_info
    return self.__extract_info(url, self.get_info_extractor(key), download, extra_info, process)
  File "/home/kusic-music-bot/venv/lib/python3.9/site-packages/yt_dlp/YoutubeDL.py", line 1626, in wrapper
    return func(self, *args, **kwargs)
  File "/home/kusic-music-bot/venv/lib/python3.9/site-packages/yt_dlp/YoutubeDL.py", line 1782, in __extract_info
    return self.process_ie_result(ie_result, download, extra_info)
  File "/home/kusic-music-bot/venv/lib/python3.9/site-packages/yt_dlp/YoutubeDL.py", line 1841, in process_ie_result
    ie_result = self.process_video_result(ie_result, download=download)
  File "/home/kusic-music-bot/venv/lib/python3.9/site-packages/yt_dlp/YoutubeDL.py", line 3015, in process_video_result
    self.process_info(new_info)
  File "/home/kusic-music-bot/venv/lib/python3.9/site-packages/yt_dlp/YoutubeDL.py", line 179, in wrapper
    return func(self, *args, **kwargs)
  File "/home/kusic-music-bot/venv/lib/python3.9/site-packages/yt_dlp/YoutubeDL.py", line 3561, in process_info
    replace_info_dict(self.post_process(dl_filename, info_dict, files_to_move))
  File "/home/kusic-music-bot/venv/lib/python3.9/site-packages/yt_dlp/YoutubeDL.py", line 3743, in post_process
    info = self.run_all_pps('post_process', info, additional_pps=info.get('__postprocessors'))
  File "/home/kusic-music-bot/venv/lib/python3.9/site-packages/yt_dlp/YoutubeDL.py", line 3725, in run_all_pps
    info = self.run_pp(pp, info)
  File "/home/kusic-music-bot/venv/lib/python3.9/site-packages/yt_dlp/YoutubeDL.py", line 3703, in run_pp
    files_to_delete, infodict = pp.run(infodict)
  File "/home/kusic-music-bot/venv/lib/python3.9/site-packages/yt_dlp/postprocessor/common.py", line 23, in run
    ret = func(self, info, *args, **kwargs)
  File "/home/kusic-music-bot/venv/lib/python3.9/site-packages/yt_dlp/postprocessor/common.py", line 128, in wrapper
    return func(self, info)
  File "/home/kusic-music-bot/venv/lib/python3.9/site-packages/yt_dlp/postprocessor/ffmpeg.py", line 531, in run
    self.run_ffmpeg(path, temp_path, acodec, more_opts)
  File "/home/kusic-music-bot/venv/lib/python3.9/site-packages/yt_dlp/postprocessor/ffmpeg.py", line 480, in run_ffmpeg
    FFmpegPostProcessor.run_ffmpeg(self, path, out_path, opts)
  File "/home/kusic-music-bot/venv/lib/python3.9/site-packages/yt_dlp/postprocessor/ffmpeg.py", line 375, in run_ffmpeg
    return self.run_ffmpeg_multiple_files([path], out_path, opts, **kwargs)
  File "/home/kusic-music-bot/venv/lib/python3.9/site-packages/yt_dlp/postprocessor/ffmpeg.py", line 330, in run_ffmpeg_multiple_files
    return self.real_run_ffmpeg(
  File "/home/kusic-music-bot/venv/lib/python3.9/site-packages/yt_dlp/postprocessor/ffmpeg.py", line 364, in real_run_ffmpeg
    _, stderr, returncode = Popen.run(
  File "/home/kusic-music-bot/venv/lib/python3.9/site-packages/yt_dlp/utils/_utils.py", line 869, in run
    stdout, stderr = proc.communicate_or_kill(timeout=timeout)
  File "/home/kusic-music-bot/venv/lib/python3.9/site-packages/yt_dlp/utils/_utils.py", line 855, in communicate_or_kill
    return self.communicate(*args, **kwargs)
  File "/usr/lib/python3.9/subprocess.py", line 1134, in communicate
    stdout, stderr = self._communicate(input, endtime, timeout)
  File "/usr/lib/python3.9/subprocess.py", line 1981, in _communicate
    ready = selector.select(timeout)
  File "/usr/lib/python3.9/selectors.py", line 416, in select
    fd_event_list = self._selector.poll(timeout)

[2024-10-04 15:53:24] [INFO    ] discord.voice_state: The voice handshake is being terminated for Channel ID 605078802464243739 (Guild ID 605078801831035080)
[2024-10-04 15:53:24] [INFO    ] discord.player: ffmpeg process 90765 has not terminated. Waiting to terminate...
[2024-10-04 15:53:24] [INFO    ] discord.player: ffmpeg process 90765 should have terminated with a return code of -9.
[2024-10-04 15:53:33] [INFO    ] discord.voice_state: Connecting to voice...
[2024-10-04 15:53:33] [INFO    ] discord.voice_state: Starting voice handshake... (connection attempt 1)
[2024-10-04 15:53:33] [INFO    ] discord.voice_state: Voice handshake complete. Endpoint found: finland10126.discord.media
[2024-10-04 15:53:34] [INFO    ] discord.voice_state: Voice connection complete.
[download]   0.1% of  902.32KiB at  464.43KiB/s ETA 00:01[download]   0.3% of  902.32KiB at  808.20KiB/s ETA 00:01[download]   0.8% of  902.32KiB at    1.37MiB/s ETA 00:00[download]   1.7% of  902.32KiB at    2.33MiB/s ETA 00:00[download]   3.4% of  902.32KiB at    3.98MiB/s ETA 00:00[download]   7.0% of  902.32KiB at    4.86MiB/s ETA 00:00[download]  14.1% of  902.32KiB at    6.30MiB/s ETA 00:00[download]  28.3% of  902.32KiB at   10.01MiB/s ETA 00:00[download]  56.6% of  902.32KiB at   14.89MiB/s ETA 00:00[download] 100.0% of  902.32KiB at   21.61MiB/s ETA 00:00[download] 100% of  902.32KiB in 00:00:00 at 7.93MiB/s                                                         [2024-10-04 15:54:39] [INFO    ] discord.player: ffmpeg process 90773 successfully terminated with return code of 0.
[2024-10-04 15:59:40] [INFO    ] discord.voice_state: The voice handshake is being terminated for Channel ID 944671369893929021 (Guild ID 600650370829778954)
[2024-10-04 16:22:28] [INFO    ] discord.voice_state: Connecting to voice...
[2024-10-04 16:22:28] [INFO    ] discord.voice_state: Starting voice handshake... (connection attempt 1)
[2024-10-04 16:22:28] [INFO    ] discord.voice_state: Voice handshake complete. Endpoint found: finland10126.discord.media
[2024-10-04 16:22:28] [INFO    ] discord.voice_state: Voice connection complete.
[download]   0.1% of    1.33MiB at  476.90KiB/s ETA 00:02[download]   0.2% of    1.33MiB at  674.98KiB/s ETA 00:02[download]   0.5% of    1.33MiB at  949.77KiB/s ETA 00:01[download]   1.1% of    1.33MiB at    1.45MiB/s ETA 00:00[download]   2.3% of    1.33MiB at    2.47MiB/s ETA 00:00[download]   4.6% of    1.33MiB at    3.27MiB/s ETA 00:00[download]   9.4% of    1.33MiB at    5.10MiB/s ETA 00:00[download]  18.8% of    1.33MiB at    7.98MiB/s ETA 00:00[download]  37.6% of    1.33MiB at   12.33MiB/s ETA 00:00[download]  75.3% of    1.33MiB at   20.79MiB/s ETA 00:00[download] 100.0% of    1.33MiB at   23.57MiB/s ETA 00:00[download] 100% of    1.33MiB in 00:00:00 at 8.63MiB/s                                                         [2024-10-04 16:24:16] [INFO    ] discord.player: ffmpeg process 90796 successfully terminated with return code of 0.
[download]   0.0% of    2.55MiB at  365.13KiB/s ETA 00:07[download]   0.1% of    2.55MiB at  618.14KiB/s ETA 00:04[download]   0.3% of    2.55MiB at    1.01MiB/s ETA 00:02[download]   0.6% of    2.55MiB at    1.71MiB/s ETA 00:01[download]   1.2% of    2.55MiB at    2.96MiB/s ETA 00:00[download]   2.4% of    2.55MiB at    3.72MiB/s ETA 00:00[download]   4.9% of    2.55MiB at    5.73MiB/s ETA 00:00[download]   9.8% of    2.55MiB at    8.64MiB/s ETA 00:00[download]  19.6% of    2.55MiB at   13.33MiB/s ETA 00:00[download]  39.2% of    2.55MiB at   20.49MiB/s ETA 00:00[download]  78.5% of    2.55MiB at   28.83MiB/s ETA 00:00[download] 100.0% of    2.55MiB at   30.97MiB/s ETA 00:00[download] 100% of    2.55MiB in 00:00:00 at 18.71MiB/s                                                         [2024-10-04 16:27:08] [INFO    ] discord.player: ffmpeg process 90800 successfully terminated with return code of 0.
[2024-10-04 16:32:08] [INFO    ] discord.voice_state: The voice handshake is being terminated for Channel ID 944671369893929021 (Guild ID 600650370829778954)
[2024-10-04 16:54:33] [INFO    ] discord.gateway: Shard ID None has successfully RESUMED session 7f3e7322e35e168a7196d3c3036fb5a5.
[2024-10-04 19:34:07] [INFO    ] discord.voice_state: Connecting to voice...
[2024-10-04 19:34:07] [INFO    ] discord.voice_state: Starting voice handshake... (connection attempt 1)
[2024-10-04 19:34:07] [INFO    ] discord.voice_state: Voice handshake complete. Endpoint found: finland10031.discord.media
[2024-10-04 19:34:08] [INFO    ] discord.voice_state: Voice connection complete.
[download]   0.1% of  902.32KiB at  307.57KiB/s ETA 00:02[download]   0.3% of  902.32KiB at  689.85KiB/s ETA 00:01[download]   0.8% of  902.32KiB at    1.27MiB/s ETA 00:00[download]   1.7% of  902.32KiB at    2.35MiB/s ETA 00:00[download]   3.4% of  902.32KiB at    4.17MiB/s ETA 00:00[download]   7.0% of  902.32KiB at    4.99MiB/s ETA 00:00[download]  14.1% of  902.32KiB at    6.55MiB/s ETA 00:00[download]  28.3% of  902.32KiB at    8.21MiB/s ETA 00:00[download]  56.6% of  902.32KiB at   12.05MiB/s ETA 00:00[download] 100.0% of  902.32KiB at   15.51MiB/s ETA 00:00[download] 100% of  902.32KiB in 00:00:00 at 6.00MiB/s                                                         [2024-10-04 19:35:13] [INFO    ] discord.player: ffmpeg process 91535 successfully terminated with return code of 0.
[2024-10-04 19:37:00] [INFO    ] discord.gateway: Shard ID None has successfully RESUMED session 7f3e7322e35e168a7196d3c3036fb5a5.
[2024-10-04 19:40:14] [INFO    ] discord.voice_state: The voice handshake is being terminated for Channel ID 962769263024820274 (Guild ID 600650370829778954)
[2024-10-04 19:59:15] [INFO    ] discord.voice_state: Connecting to voice...
[2024-10-04 19:59:15] [INFO    ] discord.voice_state: Starting voice handshake... (connection attempt 1)
[2024-10-04 19:59:15] [INFO    ] discord.voice_state: Voice handshake complete. Endpoint found: finland10031.discord.media
[download]   0.1% of  902.32KiB at  467.75KiB/s ETA 00:01[download]   0.3% of  902.32KiB at  690.42KiB/s ETA 00:01[download]   0.8% of  902.32KiB at    1.15MiB/s ETA 00:00[download]   1.7% of  902.32KiB at    1.95MiB/s ETA 00:00[download]   3.4% of  902.32KiB at    3.30MiB/s ETA 00:00[download]   7.0% of  902.32KiB at    3.60MiB/s ETA 00:00[download]  14.1% of  902.32KiB at    4.71MiB/s ETA 00:00[download]  28.3% of  902.32KiB at    6.98MiB/s ETA 00:00[download]  56.6% of  902.32KiB at    9.53MiB/s ETA 00:00[download] 100.0% of  902.32KiB at   12.97MiB/s ETA 00:00[download] 100% of  902.32KiB in 00:00:00 at 6.07MiB/s                                                         [2024-10-04 19:59:23] [ERROR   ] discord.ext.commands.bot: Ignoring exception in command play
Traceback (most recent call last):
  File "/home/kusic-music-bot/venv/lib/python3.9/site-packages/discord/ext/commands/core.py", line 235, in wrapped
    ret = await coro(*args, **kwargs)
  File "/home/kusic-music-bot/app.py", line 75, in play
    vc.play(source)
  File "/home/kusic-music-bot/venv/lib/python3.9/site-packages/discord/voice_client.py", line 478, in play
    raise ClientException('Not connected to voice.')
discord.errors.ClientException: Not connected to voice.

The above exception was the direct cause of the following exception:

Traceback (most recent call last):
  File "/home/kusic-music-bot/venv/lib/python3.9/site-packages/discord/ext/commands/bot.py", line 1366, in invoke
    await ctx.command.invoke(ctx)
  File "/home/kusic-music-bot/venv/lib/python3.9/site-packages/discord/ext/commands/core.py", line 1029, in invoke
    await injected(*ctx.args, **ctx.kwargs)  # type: ignore
  File "/home/kusic-music-bot/venv/lib/python3.9/site-packages/discord/ext/commands/core.py", line 244, in wrapped
    raise CommandInvokeError(exc) from exc
discord.ext.commands.errors.CommandInvokeError: Command raised an exception: ClientException: Not connected to voice.
[2024-10-04 19:59:23] [INFO    ] discord.player: ffmpeg process 91544 has not terminated. Waiting to terminate...
[2024-10-04 19:59:23] [INFO    ] discord.player: ffmpeg process 91544 should have terminated with a return code of -9.
[2024-10-04 19:59:23] [INFO    ] discord.voice_state: Voice connection complete.
[download]   0.1% of  902.32KiB at  519.87KiB/s ETA 00:01[download]   0.3% of  902.32KiB at  932.34KiB/s ETA 00:00[download]   0.8% of  902.32KiB at    1.62MiB/s ETA 00:00[download]   1.7% of  902.32KiB at    2.72MiB/s ETA 00:00[download]   3.4% of  902.32KiB at    4.55MiB/s ETA 00:00[download]   7.0% of  902.32KiB at    4.84MiB/s ETA 00:00[download]  14.1% of  902.32KiB at    6.37MiB/s ETA 00:00[download]  28.3% of  902.32KiB at    7.94MiB/s ETA 00:00[download]  56.6% of  902.32KiB at   12.27MiB/s ETA 00:00[download] 100.0% of  902.32KiB at   17.48MiB/s ETA 00:00[download] 100% of  902.32KiB in 00:00:00 at 7.90MiB/s                                                         [2024-10-04 20:00:28] [INFO    ] discord.player: ffmpeg process 91548 successfully terminated with return code of 0.
[2024-10-04 20:05:29] [INFO    ] discord.voice_state: The voice handshake is being terminated for Channel ID 962769263024820274 (Guild ID 600650370829778954)
[2024-10-04 21:35:03] [INFO    ] discord.gateway: Shard ID None has successfully RESUMED session 7f3e7322e35e168a7196d3c3036fb5a5.
[2024-10-04 22:06:54] [INFO    ] discord.gateway: Shard ID None has successfully RESUMED session 7f3e7322e35e168a7196d3c3036fb5a5.
[2024-10-05 01:28:00] [INFO    ] discord.gateway: Shard ID None has successfully RESUMED session 7f3e7322e35e168a7196d3c3036fb5a5.
[2024-10-05 02:55:00] [INFO    ] discord.gateway: Shard ID None has successfully RESUMED session 7f3e7322e35e168a7196d3c3036fb5a5.
[2024-10-05 05:59:32] [INFO    ] discord.gateway: Shard ID None has successfully RESUMED session 7f3e7322e35e168a7196d3c3036fb5a5.
[2024-10-05 09:10:27] [INFO    ] discord.gateway: Shard ID None has successfully RESUMED session 7f3e7322e35e168a7196d3c3036fb5a5.
[2024-10-05 10:05:00] [INFO    ] discord.gateway: Shard ID None has successfully RESUMED session 7f3e7322e35e168a7196d3c3036fb5a5.
[2024-10-05 11:26:00] [INFO    ] discord.gateway: Shard ID None has successfully RESUMED session 7f3e7322e35e168a7196d3c3036fb5a5.
[2024-10-05 14:17:37] [INFO    ] discord.gateway: Shard ID None has successfully RESUMED session 7f3e7322e35e168a7196d3c3036fb5a5.
[2024-10-05 16:12:48] [INFO    ] discord.gateway: Shard ID None has successfully RESUMED session 7f3e7322e35e168a7196d3c3036fb5a5.
[2024-10-05 18:28:05] [INFO    ] discord.gateway: Shard ID None has successfully RESUMED session 7f3e7322e35e168a7196d3c3036fb5a5.
[2024-10-05 18:53:44] [INFO    ] discord.gateway: Shard ID None has successfully RESUMED session 7f3e7322e35e168a7196d3c3036fb5a5.
[2024-10-05 19:16:12] [INFO    ] discord.gateway: Shard ID None has successfully RESUMED session 7f3e7322e35e168a7196d3c3036fb5a5.
[2024-10-05 19:58:20] [INFO    ] discord.gateway: Shard ID None has successfully RESUMED session 7f3e7322e35e168a7196d3c3036fb5a5.
[2024-10-05 22:33:13] [INFO    ] discord.voice_state: Connecting to voice...
[2024-10-05 22:33:13] [INFO    ] discord.voice_state: Starting voice handshake... (connection attempt 1)
[2024-10-05 22:33:13] [INFO    ] discord.voice_state: Voice handshake complete. Endpoint found: finland10093.discord.media
[2024-10-05 22:33:13] [INFO    ] discord.voice_state: Voice connection complete.
[download]   0.1% of  902.32KiB at  294.56KiB/s ETA 00:03[download]   0.3% of  902.32KiB at  610.26KiB/s ETA 00:01[download]   0.8% of  902.32KiB at    1.02MiB/s ETA 00:00[download]   1.7% of  902.32KiB at    1.80MiB/s ETA 00:00[download]   3.4% of  902.32KiB at    3.24MiB/s ETA 00:00[download]   7.0% of  902.32KiB at    4.18MiB/s ETA 00:00[download]  14.1% of  902.32KiB at    6.16MiB/s ETA 00:00[download]  28.3% of  902.32KiB at    9.05MiB/s ETA 00:00[download]  56.6% of  902.32KiB at   13.77MiB/s ETA 00:00[download] 100.0% of  902.32KiB at   20.12MiB/s ETA 00:00[download] 100% of  902.32KiB in 00:00:00 at 7.30MiB/s                                                         [2024-10-05 22:34:18] [INFO    ] discord.player: ffmpeg process 97544 successfully terminated with return code of 0.
[2024-10-05 22:39:18] [INFO    ] discord.voice_state: The voice handshake is being terminated for Channel ID 944671369893929021 (Guild ID 600650370829778954)
[2024-10-05 22:39:35] [INFO    ] discord.gateway: Shard ID None has successfully RESUMED session 7f3e7322e35e168a7196d3c3036fb5a5.
[2024-10-05 23:12:19] [INFO    ] discord.voice_state: Connecting to voice...
[2024-10-05 23:12:19] [INFO    ] discord.voice_state: Starting voice handshake... (connection attempt 1)
[2024-10-05 23:12:19] [INFO    ] discord.voice_state: Voice handshake complete. Endpoint found: finland10093.discord.media
[2024-10-05 23:12:20] [INFO    ] discord.voice_state: Voice connection complete.
[download]   0.1% of  902.32KiB at  Unknown B/s ETA Unknown[download]   0.3% of  902.32KiB at    1.21MiB/s ETA 00:00  [download]   0.8% of  902.32KiB at    1.84MiB/s ETA 00:00[download]   1.7% of  902.32KiB at    2.64MiB/s ETA 00:00[download]   3.4% of  902.32KiB at    3.80MiB/s ETA 00:00[download]   7.0% of  902.32KiB at    4.70MiB/s ETA 00:00[download]  14.1% of  902.32KiB at    6.85MiB/s ETA 00:00[download]  28.3% of  902.32KiB at    9.74MiB/s ETA 00:00[download]  56.6% of  902.32KiB at   14.82MiB/s ETA 00:00[download] 100.0% of  902.32KiB at   17.39MiB/s ETA 00:00[download] 100% of  902.32KiB in 00:00:00 at 5.31MiB/s                                                         [2024-10-05 23:13:24] [INFO    ] discord.player: ffmpeg process 97569 successfully terminated with return code of 0.
[2024-10-05 23:18:25] [INFO    ] discord.voice_state: The voice handshake is being terminated for Channel ID 944671369893929021 (Guild ID 600650370829778954)
[2024-10-06 01:18:17] [INFO    ] discord.gateway: Shard ID None has successfully RESUMED session 7f3e7322e35e168a7196d3c3036fb5a5.
[2024-10-06 03:18:30] [INFO    ] discord.gateway: Shard ID None has successfully RESUMED session 7f3e7322e35e168a7196d3c3036fb5a5.
[2024-10-06 04:22:43] [INFO    ] discord.gateway: Shard ID None has successfully RESUMED session 7f3e7322e35e168a7196d3c3036fb5a5.
[2024-10-06 04:44:47] [ERROR   ] discord.client: Attempting a reconnect in 0.54s
Traceback (most recent call last):
  File "/home/kusic-music-bot/venv/lib/python3.9/site-packages/discord/client.py", line 667, in connect
    await self.ws.poll_event()
  File "/home/kusic-music-bot/venv/lib/python3.9/site-packages/discord/gateway.py", line 648, in poll_event
    raise ConnectionClosed(self.socket, shard_id=self.shard_id, code=code) from None
discord.errors.ConnectionClosed: Shard ID None WebSocket closed with 1000
[2024-10-06 04:44:48] [INFO    ] discord.gateway: Shard ID None has successfully RESUMED session 7f3e7322e35e168a7196d3c3036fb5a5.
[2024-10-06 05:01:23] [INFO    ] discord.gateway: Shard ID None has successfully RESUMED session 7f3e7322e35e168a7196d3c3036fb5a5.
[2024-10-06 08:04:29] [INFO    ] discord.gateway: Shard ID None has successfully RESUMED session 7f3e7322e35e168a7196d3c3036fb5a5.
[2024-10-06 12:02:44] [INFO    ] discord.gateway: Shard ID None has successfully RESUMED session 7f3e7322e35e168a7196d3c3036fb5a5.
[2024-10-06 14:48:16] [INFO    ] discord.gateway: Shard ID None has successfully RESUMED session 7f3e7322e35e168a7196d3c3036fb5a5.
[2024-10-06 18:16:57] [INFO    ] discord.gateway: Shard ID None has successfully RESUMED session 7f3e7322e35e168a7196d3c3036fb5a5.
[2024-10-06 18:58:12] [INFO    ] discord.gateway: Shard ID None has successfully RESUMED session 7f3e7322e35e168a7196d3c3036fb5a5.
Task exception was never retrieved
future: <Task finished name='discord.py: on_message' coro=<Client._run_event() done, defined at /home/kusic-music-bot/venv/lib/python3.9/site-packages/discord/client.py:441> exception=SystemExit(1)>
Traceback (most recent call last):
  File "/home/kusic-music-bot/venv/lib/python3.9/site-packages/discord/client.py", line 869, in run
    asyncio.run(runner())
  File "/usr/lib/python3.9/asyncio/runners.py", line 44, in run
    return loop.run_until_complete(main)
  File "/usr/lib/python3.9/asyncio/base_events.py", line 629, in run_until_complete
    self.run_forever()
  File "/usr/lib/python3.9/asyncio/base_events.py", line 596, in run_forever
    self._run_once()
  File "/usr/lib/python3.9/asyncio/base_events.py", line 1890, in _run_once
    handle._run()
  File "/usr/lib/python3.9/asyncio/events.py", line 80, in _run
    self._context.run(self._callback, *self._args)
  File "/home/kusic-music-bot/venv/lib/python3.9/site-packages/discord/client.py", line 449, in _run_event
    await coro(*args, **kwargs)
  File "/home/kusic-music-bot/venv/lib/python3.9/site-packages/discord/ext/commands/bot.py", line 1411, in on_message
    await self.process_commands(message)
  File "/home/kusic-music-bot/venv/lib/python3.9/site-packages/discord/ext/commands/bot.py", line 1408, in process_commands
    await self.invoke(ctx)  # type: ignore
  File "/home/kusic-music-bot/venv/lib/python3.9/site-packages/discord/ext/commands/bot.py", line 1366, in invoke
    await ctx.command.invoke(ctx)
  File "/home/kusic-music-bot/venv/lib/python3.9/site-packages/discord/ext/commands/core.py", line 1029, in invoke
    await injected(*ctx.args, **ctx.kwargs)  # type: ignore
  File "/home/kusic-music-bot/venv/lib/python3.9/site-packages/discord/ext/commands/core.py", line 235, in wrapped
    ret = await coro(*args, **kwargs)
  File "/home/kusic-music-bot/app.py", line 33, in e
    exit(1)
  File "/usr/lib/python3.9/_sitebuiltins.py", line 26, in __call__
    raise SystemExit(code)
SystemExit: 1
